<?xml version="1.0" encoding="UTF-8"?>
<coverage generated="1756060158310" clover="3.2.0">
  <project timestamp="1756060158310" name="All files">
    <metrics statements="25" coveredstatements="25" conditionals="19" coveredconditionals="19" methods="4" coveredmethods="4" elements="48" coveredelements="48" complexity="0" loc="25" ncloc="25" packages="1" files="1" classes="1"/>
    <file name="piece.ts" path="C:\Users\UserT\Downloads\Workspace\chess problem\src\Piece\piece.ts">
      <metrics statements="25" coveredstatements="25" conditionals="19" coveredconditionals="19" methods="4" coveredmethods="4"/>
      <line num="1" count="1" type="stmt"/>
      <line num="2" count="8" type="stmt"/>
      <line num="3" count="8" type="stmt"/>
      <line num="4" count="8" type="stmt"/>
      <line num="6" count="8" type="stmt"/>
      <line num="7" count="67" type="cond" truecount="5" falsecount="0"/>
      <line num="8" count="61" type="stmt"/>
      <line num="12" count="8" type="stmt"/>
      <line num="16" count="8" type="cond" truecount="2" falsecount="0"/>
      <line num="17" count="3" type="stmt"/>
      <line num="19" count="3" type="stmt"/>
      <line num="23" count="5" type="cond" truecount="2" falsecount="0"/>
      <line num="24" count="2" type="stmt"/>
      <line num="25" count="6" type="stmt"/>
      <line num="26" count="18" type="cond" truecount="3" falsecount="0"/>
      <line num="32" count="3" type="cond" truecount="2" falsecount="0"/>
      <line num="33" count="2" type="stmt"/>
      <line num="37" count="2" type="stmt"/>
      <line num="38" count="16" type="stmt"/>
      <line num="39" count="61" type="stmt"/>
      <line num="40" count="61" type="stmt"/>
      <line num="41" count="61" type="cond" truecount="5" falsecount="0"/>
      <line num="42" count="48" type="stmt"/>
      <line num="46" count="1" type="stmt"/>
      <line num="49" count="7" type="stmt"/>
    </file>
  </project>
</coverage>
