{"C:\\Users\\UserT\\Downloads\\Workspace\\chess problem\\src\\Piece\\piece.ts": {"path":"C:\\Users\\UserT\\Downloads\\Workspace\\chess problem\\src\\Piece\\piece.ts","statementMap":{"0":{"start":{"line":1,"column":0},"end":{"line":1,"column":16}},"1":{"start":{"line":2,"column":34},"end":{"line":2,"column":36}},"2":{"start":{"line":3,"column":14},"end":{"line":3,"column":36}},"3":{"start":{"line":4,"column":14},"end":{"line":4,"column":34}},"4":{"start":{"line":6,"column":16},"end":{"line":10,"column":3}},"5":{"start":{"line":7,"column":4},"end":{"line":9,"column":5}},"6":{"start":{"line":8,"column":6},"end":{"line":8,"column":64}},"7":{"start":{"line":12,"column":20},"end":{"line":12,"column":39}},"8":{"start":{"line":16,"column":2},"end":{"line":47,"column":3}},"9":{"start":{"line":17,"column":20},"end":{"line":17,"column":27}},"10":{"start":{"line":19,"column":4},"end":{"line":19,"column":24}},"11":{"start":{"line":23,"column":7},"end":{"line":47,"column":3}},"12":{"start":{"line":24,"column":4},"end":{"line":28,"column":7}},"13":{"start":{"line":25,"column":6},"end":{"line":27,"column":9}},"14":{"start":{"line":26,"column":8},"end":{"line":26,"column":60}},"15":{"start":{"line":26,"column":34},"end":{"line":26,"column":60}},"16":{"start":{"line":32,"column":7},"end":{"line":47,"column":3}},"17":{"start":{"line":33,"column":23},"end":{"line":36,"column":6}},"18":{"start":{"line":37,"column":4},"end":{"line":44,"column":5}},"19":{"start":{"line":38,"column":6},"end":{"line":43,"column":7}},"20":{"start":{"line":38,"column":19},"end":{"line":38,"column":20}},"21":{"start":{"line":39,"column":23},"end":{"line":39,"column":35}},"22":{"start":{"line":40,"column":23},"end":{"line":40,"column":35}},"23":{"start":{"line":41,"column":8},"end":{"line":41,"column":74}},"24":{"start":{"line":41,"column":68},"end":{"line":41,"column":74}},"25":{"start":{"line":42,"column":8},"end":{"line":42,"column":30}},"26":{"start":{"line":46,"column":4},"end":{"line":46,"column":60}},"27":{"start":{"line":49,"column":2},"end":{"line":49,"column":23}}},"fnMap":{"0":{"name":"getMoves","decl":{"start":{"line":1,"column":16},"end":{"line":1,"column":24}},"loc":{"start":{"line":1,"column":51},"end":{"line":50,"column":1}}},"1":{"name":"(anonymous_1)","decl":{"start":{"line":6,"column":16},"end":{"line":6,"column":17}},"loc":{"start":{"line":6,"column":41},"end":{"line":10,"column":3}}},"2":{"name":"(anonymous_2)","decl":{"start":{"line":24,"column":23},"end":{"line":24,"column":25}},"loc":{"start":{"line":24,"column":28},"end":{"line":28,"column":5}}},"3":{"name":"(anonymous_3)","decl":{"start":{"line":25,"column":25},"end":{"line":25,"column":27}},"loc":{"start":{"line":25,"column":30},"end":{"line":27,"column":7}}}},"branchMap":{"0":{"loc":{"start":{"line":7,"column":4},"end":{"line":9,"column":5}},"type":"if","locations":[{"start":{"line":7,"column":4},"end":{"line":9,"column":5}}]},"1":{"loc":{"start":{"line":7,"column":8},"end":{"line":7,"column":42}},"type":"binary-expr","locations":[{"start":{"line":7,"column":8},"end":{"line":7,"column":14}},{"start":{"line":7,"column":18},"end":{"line":7,"column":23}},{"start":{"line":7,"column":27},"end":{"line":7,"column":33}},{"start":{"line":7,"column":37},"end":{"line":7,"column":42}}]},"2":{"loc":{"start":{"line":16,"column":2},"end":{"line":47,"column":3}},"type":"if","locations":[{"start":{"line":16,"column":2},"end":{"line":47,"column":3}},{"start":{"line":23,"column":7},"end":{"line":47,"column":3}}]},"3":{"loc":{"start":{"line":23,"column":7},"end":{"line":47,"column":3}},"type":"if","locations":[{"start":{"line":23,"column":7},"end":{"line":47,"column":3}},{"start":{"line":32,"column":7},"end":{"line":47,"column":3}}]},"4":{"loc":{"start":{"line":26,"column":8},"end":{"line":26,"column":60}},"type":"if","locations":[{"start":{"line":26,"column":8},"end":{"line":26,"column":60}}]},"5":{"loc":{"start":{"line":26,"column":12},"end":{"line":26,"column":32}},"type":"binary-expr","locations":[{"start":{"line":26,"column":12},"end":{"line":26,"column":20}},{"start":{"line":26,"column":24},"end":{"line":26,"column":32}}]},"6":{"loc":{"start":{"line":32,"column":7},"end":{"line":47,"column":3}},"type":"if","locations":[{"start":{"line":32,"column":7},"end":{"line":47,"column":3}},{"start":{"line":45,"column":9},"end":{"line":47,"column":3}}]},"7":{"loc":{"start":{"line":41,"column":8},"end":{"line":41,"column":74}},"type":"if","locations":[{"start":{"line":41,"column":8},"end":{"line":41,"column":74}}]},"8":{"loc":{"start":{"line":41,"column":12},"end":{"line":41,"column":66}},"type":"binary-expr","locations":[{"start":{"line":41,"column":12},"end":{"line":41,"column":22}},{"start":{"line":41,"column":26},"end":{"line":41,"column":37}},{"start":{"line":41,"column":41},"end":{"line":41,"column":51}},{"start":{"line":41,"column":55},"end":{"line":41,"column":66}}]}},"s":{"0":1,"1":8,"2":8,"3":8,"4":8,"5":67,"6":61,"7":8,"8":8,"9":3,"10":3,"11":5,"12":2,"13":6,"14":18,"15":16,"16":3,"17":2,"18":2,"19":16,"20":16,"21":61,"22":61,"23":61,"24":13,"25":48,"26":1,"27":7},"f":{"0":8,"1":67,"2":6,"3":18},"b":{"0":[61],"1":[67,66,63,61],"2":[3,5],"3":[2,3],"4":[16],"5":[18,6],"6":[2,1],"7":[13],"8":[61,56,53,51]}}
}
