TN:
SF:src\Piece\piece.ts
FN:1,getMoves
FN:6,(anonymous_1)
FN:24,(anonymous_2)
FN:25,(anonymous_3)
FNF:4
FNH:4
FNDA:8,getMoves
FNDA:67,(anonymous_1)
FNDA:6,(anonymous_2)
FNDA:18,(anonymous_3)
DA:1,1
DA:2,8
DA:3,8
DA:4,8
DA:6,8
DA:7,67
DA:8,61
DA:12,8
DA:16,8
DA:17,3
DA:19,3
DA:23,5
DA:24,2
DA:25,6
DA:26,18
DA:32,3
DA:33,2
DA:37,2
DA:38,16
DA:39,61
DA:40,61
DA:41,61
DA:42,48
DA:46,1
DA:49,7
LF:25
LH:25
BRDA:7,0,0,61
BRDA:7,1,0,67
BRDA:7,1,1,66
BRDA:7,1,2,63
BRDA:7,1,3,61
BRDA:16,2,0,3
BRDA:16,2,1,5
BRDA:23,3,0,2
BRDA:23,3,1,3
BRDA:26,4,0,16
BRDA:26,5,0,18
BRDA:26,5,1,6
BRDA:32,6,0,2
BRDA:32,6,1,1
BRDA:41,7,0,13
BRDA:41,8,0,61
BRDA:41,8,1,56
BRDA:41,8,2,53
BRDA:41,8,3,51
BRF:19
BRH:19
end_of_record
